0 info it worked if it ends with ok
1 verbose cli [ '/usr/bin/nodejs',
1 verbose cli   '/usr/bin/npm',
1 verbose cli   'run',
1 verbose cli   'test',
1 verbose cli   'functions/test' ]
2 info using npm@3.10.3
3 info using node@v6.3.0
4 verbose run-script [ 'pretest', 'test', 'posttest' ]
5 info lifecycle oss-bot@~pretest: oss-bot@
6 silly lifecycle oss-bot@~pretest: no script for pretest, continuing
7 info lifecycle oss-bot@~test: oss-bot@
8 verbose lifecycle oss-bot@~test: unsafe-perm in lifecycle true
9 verbose lifecycle oss-bot@~test: PATH: /usr/lib/node_modules/npm/bin/node-gyp-bin:/usr/local/google/home/abehaskins/Development/oss-bot/node_modules/.bin:/usr/bin:/usr/local/google/home/abehaskins/.google/google-cloud-sdk/bin/:/usr/local/google/home/abehaskins/Development/go/bin/:/usr/local/google/home/abehaskins/opt/godot/:/usr/lib/google-golang/bin:/usr/local/buildtools/java/jdk/bin:/usr/local/sbin:/usr/local/bin:/usr/sbin:/usr/bin:/sbin:/bin
10 verbose lifecycle oss-bot@~test: CWD: /usr/local/google/home/abehaskins/Development/oss-bot
11 silly lifecycle oss-bot@~test: Args: [ '-c', 'mocha "functions/test"' ]
12 silly lifecycle oss-bot@~test: Returned: code: 1  signal: null
13 info lifecycle oss-bot@~test: Failed to exec test script
14 verbose stack Error: oss-bot@ test: `mocha "functions/test"`
14 verbose stack Exit status 1
14 verbose stack     at EventEmitter.<anonymous> (/usr/lib/node_modules/npm/lib/utils/lifecycle.js:242:16)
14 verbose stack     at emitTwo (events.js:106:13)
14 verbose stack     at EventEmitter.emit (events.js:191:7)
14 verbose stack     at ChildProcess.<anonymous> (/usr/lib/node_modules/npm/lib/utils/spawn.js:40:14)
14 verbose stack     at emitTwo (events.js:106:13)
14 verbose stack     at ChildProcess.emit (events.js:191:7)
14 verbose stack     at maybeClose (internal/child_process.js:852:16)
14 verbose stack     at Process.ChildProcess._handle.onexit (internal/child_process.js:215:5)
15 verbose pkgid oss-bot@
16 verbose cwd /usr/local/google/home/abehaskins/Development/oss-bot
17 error Linux 4.4.0-78-generic
18 error argv "/usr/bin/nodejs" "/usr/bin/npm" "run" "test" "functions/test"
19 error node v6.3.0
20 error npm  v3.10.3
21 error code ELIFECYCLE
22 error oss-bot@ test: `mocha "functions/test"`
22 error Exit status 1
23 error Failed at the oss-bot@ test script 'mocha "functions/test"'.
23 error Make sure you have the latest version of node.js and npm installed.
23 error If you do, this is most likely a problem with the oss-bot package,
23 error not with npm itself.
23 error Tell the author that this fails on your system:
23 error     mocha "functions/test"
23 error You can get information on how to open an issue for this project with:
23 error     npm bugs oss-bot
23 error Or if that isn't available, you can get their info via:
23 error     npm owner ls oss-bot
23 error There is likely additional logging output above.
24 verbose exit [ 1, true ]
